This is LuaTeX, Version 0.95.0 (TeX Live 2016)  (format=lualatex 2016.8.20)  10 NOV 2016 04:49
 restricted system commands enabled.
 file:line:error style messages enabled.
**first.tex
(./first.tex
LaTeX2e <2016/03/31> patch level 3
Babel <3.9r> and hyphenation patterns for 1 language(s) loaded.
(/usr/local/texlive/2016/texmf-dist/tex/luatex/luatexja/ltjsarticle.cls
Document Class: ltjsarticle 2016/04/04 ltjsclasses 
(/usr/local/texlive/2016/texmf-dist/tex/luatex/luatexja/luatexja.sty
Package: luatexja 2016/05/12 Japanese Typesetting with Lua(La)TeX

(/usr/local/texlive/2016/texmf-dist/tex/luatex/luatexja/luatexja-core.sty
Package: luatexja-core 2016/05/15 Core of LuaTeX-ja

(/usr/local/texlive/2016/texmf-dist/tex/luatex/luatexbase/luatexbase.sty
Package: luatexbase 2015/10/04 v1.3 luatexbase interface to LuaTeX 

(/usr/local/texlive/2016/texmf-dist/tex/luatex/ctablestack/ctablestack.sty
Package: ctablestack 2015/10/01 v1.0 Catcode table stable support
\@catcodetablestackcnt=\count79
)
\CatcodeTableOther=\catcodetable5
\CatcodeTableExpl=\catcodetable6
)
(/usr/local/texlive/2016/texmf-dist/tex/luatex/luaotfload/luaotfload.sty
Package: luaotfload 2016/06/16 v2.7 OpenType layout system
Lua module: luaotfload-main 2016/06/16 2.70003 OpenType layout system.
Lua module: lualibs 2016-04-06 2.4 ConTeXt Lua standard libraries.
Lua module: lualibs-extended 2016-04-06 2.4 ConTeXt Lua libraries -- extended co
llection.(using write cache: /Users/sangenya/Library/texlive/2016/texmf-var/luat
ex-cache/generic)(using read cache: /usr/local/texlive/2016/texmf-var/luatex-cac
he/generic /Users/sangenya/Library/texlive/2016/texmf-var/luatex-cache/generic)
luaotfload | conf : Root cache directory is /Users/sangenya/Library/texlive/2016
/texmf-var/luatex-cache/generic/names.
luaotfload | init : Loading fontloader “fontloader-2016-06-16.lua” from kpse
-resolved path “/usr/local/texlive/2016/texmf-dist/tex/luatex/luaotfload/fontl
oader-2016-06-16.lua”.
Lua-only attribute luaotfload@state = 1
Lua-only attribute luaotfload@noligature = 2
Lua-only attribute luaotfload@syllabe = 3
luaotfload | init : Context OpenType loader version “3.023”
Inserting `luaotfload.node_processor' at position 1 in `pre_linebreak_filter'.
Inserting `luaotfload.node_processor' at position 1 in `hpack_filter'.
Inserting `luaotfload.define_font' at position 1 in `define_font'.
Lua-only attribute luaotfload_color_attribute = 4
luaotfload | conf : Root cache directory is /Users/sangenya/Library/texlive/2016
/texmf-var/luatex-cache/generic/names.
Inserting `luaotfload.aux.set_sscale_dimens' at position 1 in `luaotfload.patch_
font'.
Inserting `luaotfload.aux.patch_cambria_domh' at position 2 in `luaotfload.patch
_font'.
Inserting `luaotfload.aux.fixup_fontdata' at position 1 in `luaotfload.patch_fon
t_unsafe'.
Inserting `luaotfload.aux.set_capheight' at position 3 in `luaotfload.patch_font
'.
Inserting `luaotfload.rewrite_fontname' at position 4 in `luaotfload.patch_font'
.
luaotfload | main : initialization completed in 0.132 seconds)
(/usr/local/texlive/2016/texmf-dist/tex/generic/oberdiek/ltxcmds.sty
Package: ltxcmds 2016/05/16 v1.23 LaTeX kernel commands for general use (HO)
)
(/usr/local/texlive/2016/texmf-dist/tex/generic/oberdiek/pdftexcmds.sty
Package: pdftexcmds 2016/05/21 v0.22 Utility functions of pdfTeX for LuaTeX (HO)


(/usr/local/texlive/2016/texmf-dist/tex/generic/oberdiek/infwarerr.sty
Package: infwarerr 2016/05/16 v1.4 Providing info/warning/error messages (HO)
)
(/usr/local/texlive/2016/texmf-dist/tex/generic/oberdiek/ifluatex.sty
Package: ifluatex 2016/05/16 v1.4 Provides the ifluatex switch (HO)
Package ifluatex Info: LuaTeX detected.
)
(/usr/local/texlive/2016/texmf-dist/tex/generic/oberdiek/ifpdf.sty
Package: ifpdf 2016/05/14 v3.1 Provides the ifpdf switch
)
Package pdftexcmds Info: \pdf@primitive is available.
Package pdftexcmds Info: \pdf@ifprimitive is available.
Package pdftexcmds Info: \pdfdraftmode found.

(/usr/local/texlive/2016/texmf-dist/tex/generic/oberdiek/luatex-loader.sty
Package: luatex-loader 2016/05/16 v0.6 Lua module loader (HO)

(/usr/local/texlive/2016/texmf-dist/scripts/oberdiek/oberdiek.luatex.lua))
\pdftexcmds@toks=\toks14
)
(/usr/local/texlive/2016/texmf-dist/tex/latex/xkeyval/xkeyval.sty
Package: xkeyval 2014/12/03 v2.7a package option processing (HA)

(/usr/local/texlive/2016/texmf-dist/tex/generic/xkeyval/xkeyval.tex
(/usr/local/texlive/2016/texmf-dist/tex/generic/xkeyval/xkvutils.tex
\XKV@toks=\toks15
\XKV@tempa@toks=\toks16

(/usr/local/texlive/2016/texmf-dist/tex/generic/xkeyval/keyval.tex))
\XKV@depth=\count80
File: xkeyval.tex 2014/12/03 v2.7a key=value parser (HA)
))
(/usr/local/texlive/2016/texmf-dist/tex/generic/oberdiek/atbegshi.sty
Package: atbegshi 2016/06/09 v1.18 At begin shipout hook (HO)
)
(/usr/local/texlive/2016/texmf-dist/tex/latex/everyhook/everyhook.sty
(/usr/local/texlive/2016/texmf-dist/tex/latex/svn-prov/svn-prov.sty
Package: svn-prov 2010/04/24 v3.1862 Package Date/Version from SVN Keywords
)
Package: everyhook 2014/11/26 v1.2 (SVN Rev: 12)\ Hooks for low level TeX everyX
 primitives.

(/usr/local/texlive/2016/texmf-dist/tex/latex/etoolbox/etoolbox.sty
Package: etoolbox 2015/08/02 v2.2a e-TeX tools for LaTeX (JAW)
\etb@tempcnta=\count81
)
\everypar=\toks17
\frozen@everymath=\toks18
\frozen@everydisplay=\toks19
\everyhbox=\toks20
\everyvbox=\toks21
\everycr=\toks22
)
\ltjlineendcomment=\count82
\ltj@zw=\dimen102
\ltj@zh=\dimen103
\jQ=\dimen104
\ltj@icflag=\attribute5
\ltj@curjfnt=\attribute6
\ltj@curtfnt=\attribute7
\ltj@origchar=\attribute8
\ltj@charclass=\attribute9
\ltj@charcode=\attribute10
\ltj@autospc=\attribute11
\ltj@autoxspc=\attribute12
\ltj@yablshift=\attribute13
\ltj@ykblshift=\attribute14
\ltj@tablshift=\attribute15
\ltj@tkblshift=\attribute16
\jfam=\attribute17
\ltj@dir=\attribute18
\ltj@@japanese=\language1
\ltj@tempcnta=\count83
\ltj@kcat0=\attribute19
\ltj@kcat1=\attribute20
\ltj@kcat2=\attribute21
\ltj@kcat3=\attribute22
\ltj@kcat4=\attribute23
\ltj@kcat5=\attribute24
\ltj@kcat6=\attribute25
Custom whatsit inhibitglue = 1
Custom whatsit stack_marker = 2
Custom whatsit begin_par = 3
Custom whatsit direction = 4(load cache: /Users/sangenya/Library/texlive/2016/te
xmf-var/luatexja/ltj-cid-auto-adobe-japan1.luc)
Lua module: luatexja.charrange 2014/06/03 Handling the range of Japanese charact
ers
Lua module: luatexja.stack 2014/05/08 LuaTeX-ja stack system
Inserting `ltj.create_dir_whatsit' at position 2 in `hpack_filter'.
Inserting `ltj.create_dir_whatsit' at position 1 in `post_linebreak_filter'.
Inserting `ltj.direction' at position 1 in `vpack_filter'.
Inserting `ltj.direction' at position 1 in `pre_output_filter'.
Inserting `ltj.direction' at position 1 in `append_to_vlist_filter'.
Lua module: luatexja.jfont 2016/04/03 Loader for Japanese fonts
Removing  `luaotfload.define_font' from `define_font'.
Inserting `luatexja.font_callback' at position 1 in `define_font'.
Removing  `luaotfload.aux.set_sscale_dimens' from `luaotfload.patch_font'.
Removing  `luaotfload.aux.patch_cambria_domh' from `luaotfload.patch_font'.
Removing  `luaotfload.aux.set_capheight' from `luaotfload.patch_font'.
Removing  `luaotfload.rewrite_fontname' from `luaotfload.patch_font'.
Inserting `ltj.prepare_extra_data' at position 1 in `luaotfload.patch_font'.
Inserting `luaotfload.aux.set_sscale_dimens' at position 2 in `luaotfload.patch_
font'.
Inserting `luaotfload.aux.patch_cambria_domh' at position 3 in `luaotfload.patch
_font'.
Inserting `luaotfload.aux.set_capheight' at position 4 in `luaotfload.patch_font
'.
Inserting `luaotfload.rewrite_fontname' at position 5 in `luaotfload.patch_font'
.
Inserting `ltj.prepare_extra_data' at position 1 in `luatexja.define_font'.
Inserting `1' at position 1 in `luatexja.define_jfont'.
Removing  `ltj.prepare_extra_data' from `luaotfload.patch_font'.
Removing  `luaotfload.aux.set_sscale_dimens' from `luaotfload.patch_font'.
Removing  `luaotfload.aux.patch_cambria_domh' from `luaotfload.patch_font'.
Removing  `luaotfload.aux.set_capheight' from `luaotfload.patch_font'.
Removing  `luaotfload.rewrite_fontname' from `luaotfload.patch_font'.
Inserting `ltj.supply_tounicode' at position 1 in `luaotfload.patch_font'.
Inserting `ltj.prepare_extra_data' at position 2 in `luaotfload.patch_font'.
Inserting `luaotfload.aux.set_sscale_dimens' at position 3 in `luaotfload.patch_
font'.
Inserting `luaotfload.aux.patch_cambria_domh' at position 4 in `luaotfload.patch
_font'.
Inserting `luaotfload.aux.set_capheight' at position 5 in `luaotfload.patch_font
'.
Inserting `luaotfload.rewrite_fontname' at position 6 in `luaotfload.patch_font'
.
Inserting `ltj.process_input_buffer' at position 1 in `process_input_buffer'.
Inserting `ltj.hyphenate' at position 1 in `hyphenate'.
Removing  `luaotfload.node_processor' from `hpack_filter'.
Removing  `ltj.create_dir_whatsit' from `hpack_filter'.
Inserting `ltj.set_stack_level' at position 1 in `hpack_filter'.
Inserting `luaotfload.node_processor' at position 2 in `hpack_filter'.
Inserting `ltj.create_dir_whatsit' at position 3 in `hpack_filter'.
Removing  `luaotfload.node_processor' from `pre_linebreak_filter'.
Inserting `ltj.set_stack_level' at position 1 in `pre_linebreak_filter'.
Inserting `luaotfload.node_processor' at position 2 in `pre_linebreak_filter'.
Lua module: luatexja.jfmglue 2016/04/03 Insertion process of JFM glues and kanji
skip
Inserting `luatexja.beginpar.np_info' at position 1 in `luatexja.jfmglue.whatsit
_getinfo'.
Inserting `luatexja.beginpar.np_info_after' at position 1 in `luatexja.jfmglue.w
hatsit_after'.
Inserting `ltj.mlist_to_hlist' at position 1 in `mlist_to_hlist'.
Lua module: luatexja.tangle 2011/05/14 
Inserting `ltj.main' at position 3 in `pre_linebreak_filter'.
Removing  `ltj.create_dir_whatsit' from `hpack_filter'.
Inserting `ltj.main' at position 3 in `hpack_filter'.
Inserting `ltj.create_dir_whatsit' at position 4 in `hpack_filter'.
Removing  `ltj.set_stack_level' from `pre_linebreak_filter'.
Removing  `luaotfload.node_processor' from `pre_linebreak_filter'.
Removing  `ltj.main' from `pre_linebreak_filter'.
Inserting `ltj.adjust_icflag' at position 1 in `pre_linebreak_filter'.
Inserting `ltj.set_stack_level' at position 2 in `pre_linebreak_filter'.
Inserting `luaotfload.node_processor' at position 3 in `pre_linebreak_filter'.
Inserting `ltj.main' at position 4 in `pre_linebreak_filter'.
Removing  `ltj.set_stack_level' from `hpack_filter'.
Removing  `luaotfload.node_processor' from `hpack_filter'.
Removing  `ltj.main' from `hpack_filter'.
Removing  `ltj.create_dir_whatsit' from `hpack_filter'.
Inserting `ltj.adjust_icflag' at position 1 in `hpack_filter'.
Inserting `ltj.set_stack_level' at position 2 in `hpack_filter'.
Inserting `luaotfload.node_processor' at position 3 in `hpack_filter'.
Inserting `ltj.main' at position 4 in `hpack_filter'.
Inserting `ltj.create_dir_whatsit' at position 5 in `hpack_filter'. (/usr/local
/texlive/2016/texmf-dist/tex/luatex/luatexja/ltj-base.sty
Package: ltj-base 2016/05/15
\ltj@tempcntb=\count84
\ltj@tempcntc=\count85
\ltj@tempdima=\dimen105
\ltj@afbox=\box26
)
\ltj@@jfont@inner=\luafunction1
\ltj@zw@inner=\luafunction2
\ltj@zh@inner=\luafunction3
\ltj@reset@globaldefs@inner=\luafunction4
\ltj@restore@globaldefs@inner=\luafunction5
\ltj@@ihb@inner=\luafunction6
\ltj@@stack=\count86
\ltj@@group@level=\count87
\ltjsetkanjiskip@inner=\luafunction7
\ltjsetxkanjiskip@inner=\luafunction8
\ltj@@box@dirhook=\luafunction9
\ltj@@reset@badness@inner=\luafunction10
 (/usr/local/texlive/2016/texmf-dist/tex/luatex/luatexja/ltj-latex.sty
Package: ltj-latex 2016/05/15 LaTeX support of LuaTeX-ja

(/usr/local/texlive/2016/texmf-dist/tex/luatex/luatexja/patches/lltjfont.sty
Package: lltjfont 2016/04/01 Patch to NFSS2 for LuaTeX-ja
\Cht=\dimen106
\cht=\dimen107
\Cdp=\dimen108
\cdp=\dimen109
\Cwd=\dimen110
\cwd=\dimen111
\Cvs=\dimen112
\cvs=\dimen113
\Chs=\dimen114
\chs=\dimen115
\cHT=\dimen116
\dstrutbox=\box27
\tstrutbox=\box28
\zstrutbox=\box29

(/usr/local/texlive/2016/texmf-dist/tex/latex/ms/everysel.sty
Package: everysel 2011/10/28 v1.2 EverySelectfont Package (MS)
)
ABD: EverySelectfont initializing macros
LaTeX Info: Redefining \selectfont on input line 277.
\ltj@@adjust@baseline@inner=\luafunction11
LaTeX Info: Redefining \fontencoding on input line 452.
LaTeX Info: Redefining \fontfamily on input line 497.
LaTeX Info: Redefining \fontseries on input line 531.
LaTeX Info: Redefining \fontshape on input line 534.
LaTeX Info: Redefining \normalfont on input line 546.
)
(/usr/local/texlive/2016/texmf-dist/tex/luatex/luatexja/patches/lltjdefs.sty
Package: lltjdefs 2016/05/05 Default font settings of LuaTeX-ja
Package lltjdefs Info: Cannot find file `luatexja.cfg'.
LaTeX Font Info:    Font shape `JT3/mc/m/n' will be
(Font)              scaled to size 9.6222pt on input line 44.
luaotfload | cache : Lookup cache loaded from /Users/sangenya/Library/texlive/20
16/texmf-var/luatex-cache/generic/names/luaotfload-lookup-cache.luc.
luaotfload | db : Font names database loaded from /Users/sangenya/Library/texliv
e/2016/texmf-var/luatex-cache/generic/names/luaotfload-names.luc(compiling luc: 
/usr/local/texlive/2016/texmf-var/luatex-cache/generic/fonts/otl/ipaexm.luc)(loa
d luc: /Users/sangenya/Library/texlive/2016/texmf-var/luatex-cache/generic/fonts
/otl/ipaexm.luc)(load cache: /Users/sangenya/Library/texlive/2016/texmf-var/luat
exja/extra_ipaexm.luc)
(/usr/local/texlive/2016/texmf-dist/tex/luatex/luatexja/jfm-ujisv.lua)
LaTeX Font Info:    Font shape `JY3/mc/m/n' will be
(Font)              scaled to size 9.6222pt on input line 44.

(/usr/local/texlive/2016/texmf-dist/tex/luatex/luatexja/jfm-ujis.lua)
\symmincho=\mathgroup4
LaTeX Font Info:    Overwriting symbol font `mincho' in version `bold'
(Font)                  JY3/mc/m/n --> JY3/gt/m/n on input line 53.
LaTeX Info: Redefining \rmfamily on input line 60.
LaTeX Info: Redefining \sffamily on input line 64.
LaTeX Info: Redefining \ttfamily on input line 68.
LaTeX Info: Redefining \em on input line 73.
)
(/usr/local/texlive/2016/texmf-dist/tex/luatex/luatexja/patches/lltjcore.sty
Package: lltjcore 2016/05/05 Patch to LaTeX2e Kernel for LuaTeX-ja
\@tombowwidth=\dimen117
\@TL=\box30
\@Tl=\box31
\@TC=\box32
\@TR=\box33
\@Tr=\box34
\@BL=\box35
\@Bl=\box36
\@BC=\box37
\@BR=\box38
\@Br=\box39
\@CL=\box40
\@CR=\box41
\@bannertoken=\toks23
\@@paperheight=\dimen118
\@@paperwidth=\dimen119
\@@topmargin=\dimen120
\hour=\count88
\minute=\count89
)
(/usr/local/texlive/2016/texmf-dist/tex/luatex/luatexja/patches/lltjp-geometry.
sty
Package: lltjp-geometry 2015/01/04 Patch to geometry for LuaTeX-ja with vertical
 writing mode
 (/usr/local/texlive/2016/texmf-dist/tex/latex/filehook/filehook.sty
Package: filehook 2011/10/12 v0.5d Hooks for input files
)))
\ltj@temp@cctb=\catcodetable7
)
(/usr/local/texlive/2016/texmf-dist/tex/luatex/luatexja/luatexja-compat.sty
Package: luatexja-compat 2015/05/09 Compatibility with pTeX
(load cache: /Users/sangenya/Library/texlive/2016/texmf-var/luatexja/ltj-jisx020
8.luc)
\hour=\count90
\minute=\count91
))
\ltjs@mpt=\dimen121
 (/usr/local/texlive/2016/texmf-dist/tex/latex/type1cm/type1cm.sty
Package: type1cm 2002/09/05 v0.04 BlueSky/Y&Y Type1 CM font definitions (DPC, pa
tched RF)
)
\ltjs@@magnify@font@calc=\luafunction12
LaTeX Font Info:    Font shape `JY3/mc/m/n' will be
(Font)              scaled to size 8.44485pt on input line 381.
LaTeX Font Info:    Font shape `JT3/mc/m/n' will be
(Font)              scaled to size 9.24713pt on input line 381.
LaTeX Font Info:    Font shape `JY3/mc/m/n' will be
(Font)              scaled to size 9.24713pt on input line 381.
\fullwidth=\dimen122
LaTeX Font Info:    Font shape `JT3/mc/m/n' will be
(Font)              scaled to size 7.3977pt on input line 516.
LaTeX Font Info:    Font shape `JY3/mc/m/n' will be
(Font)              scaled to size 7.3977pt on input line 516.
\c@part=\count92
\c@section=\count93
\c@subsection=\count94
\c@subsubsection=\count95
\c@paragraph=\count96
\c@subparagraph=\count97
\@abstractbox=\box42
\c@figure=\count98
\c@table=\count99
\abovecaptionskip=\skip41
\belowcaptionskip=\skip42
LaTeX Info: Redefining \mc on input line 1116.
LaTeX Info: Redefining \gt on input line 1117.
\js@tocl@width=\dimen123
\@lnumwidth=\dimen124
\bibindent=\dimen125
LaTeX Info: Redefining \TeX on input line 1450.
LaTeX Info: Redefining \LaTeX on input line 1476.
LaTeX Info: Redefining \LaTeXe on input line 1501.
\heisei=\count100
)
(/usr/local/texlive/2016/texmf-dist/tex/latex/fontspec/fontspec.sty
(/usr/local/texlive/2016/texmf-dist/tex/latex/l3kernel/expl3.sty
Package: expl3 2016/05/18 v6512 L3 programming layer (loader) 

(/usr/local/texlive/2016/texmf-dist/tex/latex/l3kernel/expl3-code.tex
Package: expl3 2016/05/18 v6512 L3 programming layer (code)
L3 Module: l3bootstrap 2016/02/12 v6412 L3 Bootstrap code
\ucharcat@table=\catcodetable8
L3 Module: l3names 2016/03/11 v6433 L3 Namespace for primitives
L3 Module: l3basics 2015/11/22 v6315 L3 Basic definitions
L3 Module: l3expan 2015/09/10 v5983 L3 Argument expansion
L3 Module: l3tl 2016/03/26 v6465 L3 Token lists
L3 Module: l3str 2016/03/24 v6441 L3 Strings
L3 Module: l3seq 2015/08/05 v5777 L3 Sequences and stacks
L3 Module: l3int 2016/03/24 v6441 L3 Integers
\c_max_int=\count101
\l_tmpa_int=\count102
\l_tmpb_int=\count103
\g_tmpa_int=\count104
\g_tmpb_int=\count105
L3 Module: l3quark 2015/08/17 v5855 L3 Quarks
L3 Module: l3prg 2015/11/01 v6216 L3 Control structures
\g__prg_map_int=\count106
L3 Module: l3clist 2015/09/02 v5901 L3 Comma separated lists
L3 Module: l3token 2016/04/03 v6470 L3 Experimental token manipulation
L3 Module: l3prop 2016/01/05 v6366 L3 Property lists
L3 Module: l3msg 2016/03/26 v6464 L3 Messages
L3 Module: l3file 2016/03/25 v6458 L3 File and I/O operations
\l_iow_line_count_int=\count107
\l__iow_target_count_int=\count108
\l__iow_current_line_int=\count109
\l__iow_current_word_int=\count110
\l__iow_current_indentation_int=\count111
L3 Module: l3skip 2016/01/05 v6366 L3 Dimensions and skips
\c_zero_dim=\dimen126
\c_max_dim=\dimen127
\l_tmpa_dim=\dimen128
\l_tmpb_dim=\dimen129
\g_tmpa_dim=\dimen130
\g_tmpb_dim=\dimen131
\c_zero_skip=\skip43
\c_max_skip=\skip44
\l_tmpa_skip=\skip45
\l_tmpb_skip=\skip46
\g_tmpa_skip=\skip47
\g_tmpb_skip=\skip48
\c_zero_muskip=\muskip10
\c_max_muskip=\muskip11
\l_tmpa_muskip=\muskip12
\l_tmpb_muskip=\muskip13
\g_tmpa_muskip=\muskip14
\g_tmpb_muskip=\muskip15
L3 Module: l3keys 2015/11/17 v6284 L3 Key-value interfaces
\g__keyval_level_int=\count112
\l_keys_choice_int=\count113
L3 Module: l3fp 2016/03/26 v6465 L3 Floating points
\c__fp_leading_shift_int=\count114
\c__fp_middle_shift_int=\count115
\c__fp_trailing_shift_int=\count116
\c__fp_big_leading_shift_int=\count117
\c__fp_big_middle_shift_int=\count118
\c__fp_big_trailing_shift_int=\count119
\c__fp_Bigg_leading_shift_int=\count120
\c__fp_Bigg_middle_shift_int=\count121
\c__fp_Bigg_trailing_shift_int=\count122
L3 Module: l3box 2015/08/09 v5822 L3 Experimental boxes
\c_empty_box=\box43
\l_tmpa_box=\box44
\l_tmpb_box=\box45
\g_tmpa_box=\box46
\g_tmpb_box=\box47
L3 Module: l3coffins 2016/05/17 v6508 L3 Coffin code layer
\l__coffin_internal_box=\box48
\l__coffin_internal_dim=\dimen132
\l__coffin_offset_x_dim=\dimen133
\l__coffin_offset_y_dim=\dimen134
\l__coffin_x_dim=\dimen135
\l__coffin_y_dim=\dimen136
\l__coffin_x_prime_dim=\dimen137
\l__coffin_y_prime_dim=\dimen138
\c_empty_coffin=\box49
\l__coffin_aligned_coffin=\box50
\l__coffin_aligned_internal_coffin=\box51
\l_tmpa_coffin=\box52
\l_tmpb_coffin=\box53
\l__coffin_display_coffin=\box54
\l__coffin_display_coord_coffin=\box55
\l__coffin_display_pole_coffin=\box56
\l__coffin_display_offset_dim=\dimen139
\l__coffin_display_x_dim=\dimen140
\l__coffin_display_y_dim=\dimen141
L3 Module: l3color 2014/08/23 v5354 L3 Experimental color support
L3 Module: l3sys 2015/09/25 v6087 L3 Experimental system/runtime functions
L3 Module: l3candidates 2016/05/13 v6484 L3 Experimental additions to l3kernel
\l__box_top_dim=\dimen142
\l__box_bottom_dim=\dimen143
\l__box_left_dim=\dimen144
\l__box_right_dim=\dimen145
\l__box_top_new_dim=\dimen146
\l__box_bottom_new_dim=\dimen147
\l__box_left_new_dim=\dimen148
\l__box_right_new_dim=\dimen149
\l__box_internal_box=\box57
\l__coffin_bounding_shift_dim=\dimen150
\l__coffin_left_corner_dim=\dimen151
\l__coffin_right_corner_dim=\dimen152
\l__coffin_bottom_corner_dim=\dimen153
\l__coffin_top_corner_dim=\dimen154
\l__coffin_scaled_total_height_dim=\dimen155
\l__coffin_scaled_width_dim=\dimen156
L3 Module: l3luatex 2016/03/26 v6465 L3 Experimental LuaTeX-specific functions
)
(/usr/local/texlive/2016/texmf-dist/tex/latex/l3kernel/l3pdfmode.def
File: l3pdfmode.def 2016/03/26 v6465 L3 Experimental driver: PDF mode
\l__driver_color_stack_int=\count123
\l__driver_tmp_box=\box58
))
(/usr/local/texlive/2016/texmf-dist/tex/latex/l3packages/xparse/xparse.sty
Package: xparse 2016/05/18 v6512 L3 Experimental document command parser
\l__xparse_current_arg_int=\count124
\l__xparse_m_args_int=\count125
\l__xparse_mandatory_args_int=\count126
\l__xparse_processor_int=\count127
\l__xparse_v_nesting_int=\count128
)
Package: fontspec 2016/02/01 v2.5a Font selection for XeLaTeX and LuaLaTeX
Lua module: fontspec 2016/02/01 2.5a Advanced font selection for LuaLaTeX.
(/usr/local/texlive/2016/texmf-dist/tex/latex/fontspec/fontspec-luatex.sty
Package: fontspec-luatex 2016/02/01 v2.5a Font selection for XeLaTeX and LuaLaTe
X
\l_fontspec_script_int=\count129
\l_fontspec_language_int=\count130
\l_fontspec_strnum_int=\count131
\l__fontspec_tmpa_dim=\dimen157
\l__fontspec_tmpb_dim=\dimen158
\l__fontspec_tmpc_dim=\dimen159
\g__file_internal_ior=\read1

(/usr/local/texlive/2016/texmf-dist/tex/latex/base/fontenc.sty
Package: fontenc 2016/06/19 v1.99m Standard LaTeX package

(/usr/local/texlive/2016/texmf-dist/tex/latex/euenc/eu2enc.def
File: eu2enc.def 2010/05/27 v0.1h Experimental Unicode font encodings
)
LaTeX Font Info:    Try loading font information for EU2+lmr on input line 105.

(/usr/local/texlive/2016/texmf-dist/tex/latex/euenc/eu2lmr.fd
File: eu2lmr.fd 2009/10/30 v1.6 Font defs for Latin Modern
)(compiling luc: /usr/local/texlive/2016/texmf-var/luatex-cache/generic/fonts/ot
l/lmroman9-regular.luc)(load luc: /Users/sangenya/Library/texlive/2016/texmf-var
/luatex-cache/generic/fonts/otl/lmroman9-regular.luc)(load cache: /Users/sangeny
a/Library/texlive/2016/texmf-var/luatexja/extra_lmroman9-regular.luc))(compiling
 luc: /usr/local/texlive/2016/texmf-var/luatex-cache/generic/fonts/otl/lmroman10
-regular.luc)(load luc: /Users/sangenya/Library/texlive/2016/texmf-var/luatex-ca
che/generic/fonts/otl/lmroman10-regular.luc)(load cache: /Users/sangenya/Library
/texlive/2016/texmf-var/luatexja/extra_lmroman10-regular.luc)
(/usr/local/texlive/2016/texmf-dist/tex/xelatex/xunicode/xunicode.sty
File: xunicode.sty 2011/09/09 v0.981 provides access to latin accents and many o
ther characters in Unicode lower plane

(/usr/local/texlive/2016/texmf-dist/tex/latex/tipa/t3enc.def
File: t3enc.def 2001/12/31 T3 encoding
(compiling luc: /usr/local/texlive/2016/texmf-var/luatex-cache/generic/fonts/otl
/lmromanslant10-regular.luc)(load luc: /Users/sangenya/Library/texlive/2016/texm
f-var/luatex-cache/generic/fonts/otl/lmromanslant10-regular.luc)(load cache: /Us
ers/sangenya/Library/texlive/2016/texmf-var/luatexja/extra_lmromanslant10-regula
r.luc)

LaTeX Font Warning: Font shape `JT3/mc/m/sl' undefined
(Font)              using `JT3/mc/m/n' instead on input line 316.

LaTeX Font Info:    Font shape `JY3/mc/m/sl' in size <10> not available
(Font)              Font shape `JY3/mc/m/n' tried instead on input line 316.
LaTeX Font Info:    Font shape `JY3/mc/m/n' will be
(Font)              scaled to size 8.44485pt on input line 316.
(compiling luc: /usr/local/texlive/2016/texmf-var/luatex-cache/generic/fonts/otl
/lmroman10-italic.luc)(load luc: /Users/sangenya/Library/texlive/2016/texmf-var/
luatex-cache/generic/fonts/otl/lmroman10-italic.luc)(load cache: /Users/sangenya
/Library/texlive/2016/texmf-var/luatexja/extra_lmroman10-italic.luc)

LaTeX Font Warning: Font shape `JT3/mc/m/it' undefined
(Font)              using `JT3/mc/m/n' instead on input line 316.

LaTeX Font Info:    Font shape `JY3/mc/m/it' in size <10> not available
(Font)              Font shape `JY3/mc/m/n' tried instead on input line 316.
LaTeX Font Info:    Font shape `JY3/mc/m/n' will be
(Font)              scaled to size 8.44485pt on input line 316.
(compiling luc: /usr/local/texlive/2016/texmf-var/luatex-cache/generic/fonts/otl
/lmroman10-bold.luc)(load luc: /Users/sangenya/Library/texlive/2016/texmf-var/lu
atex-cache/generic/fonts/otl/lmroman10-bold.luc)(load cache: /Users/sangenya/Lib
rary/texlive/2016/texmf-var/luatexja/extra_lmroman10-bold.luc)
LaTeX Font Info:    Font shape `JT3/mc/bx/n' in size <10> not available
(Font)              Font shape `JT3/gt/m/n' tried instead on input line 356.
LaTeX Font Info:    Font shape `JT3/gt/m/n' will be
(Font)              scaled to size 8.44485pt on input line 356.
(compiling luc: /usr/local/texlive/2016/texmf-var/luatex-cache/generic/fonts/otl
/ipaexg.luc)(load luc: /Users/sangenya/Library/texlive/2016/texmf-var/luatex-cac
he/generic/fonts/otl/ipaexg.luc)(load cache: /Users/sangenya/Library/texlive/201
6/texmf-var/luatexja/extra_ipaexg.luc)
LaTeX Font Info:    Font shape `JY3/mc/bx/n' in size <10> not available
(Font)              Font shape `JY3/gt/m/n' tried instead on input line 356.
LaTeX Font Info:    Font shape `JY3/gt/m/n' will be
(Font)              scaled to size 8.44485pt on input line 356.
LaTeX Font Info:    Try loading font information for EU2+lmss on input line 357.


(/usr/local/texlive/2016/texmf-dist/tex/latex/euenc/eu2lmss.fd
File: eu2lmss.fd 2009/10/30 v1.6 Font defs for Latin Modern
)(compiling luc: /usr/local/texlive/2016/texmf-var/luatex-cache/generic/fonts/ot
l/lmsans10-regular.luc)(load luc: /Users/sangenya/Library/texlive/2016/texmf-var
/luatex-cache/generic/fonts/otl/lmsans10-regular.luc)(load cache: /Users/sangeny
a/Library/texlive/2016/texmf-var/luatexja/extra_lmsans10-regular.luc)
LaTeX Font Info:    Font shape `JT3/gt/m/n' will be
(Font)              scaled to size 9.24713pt on input line 357.
LaTeX Font Info:    Font shape `JY3/gt/m/n' will be
(Font)              scaled to size 9.24713pt on input line 357.
)
\tipaTiiicode=\count132
\tipasavetokens=\toks24
\tipachecktokens=\toks25

(/usr/local/texlive/2016/texmf-dist/tex/latex/graphics/graphicx.sty
Package: graphicx 2014/10/28 v1.0g Enhanced LaTeX Graphics (DPC,SPQR)

(/usr/local/texlive/2016/texmf-dist/tex/latex/graphics/graphics.sty
Package: graphics 2016/07/10 v1.0t Standard LaTeX Graphics (DPC,SPQR)

(/usr/local/texlive/2016/texmf-dist/tex/latex/graphics/trig.sty
Package: trig 2016/01/03 v1.10 sin cos tan (DPC)
)
(/usr/local/texlive/2016/texmf-dist/tex/latex/graphics-cfg/graphics.cfg
File: graphics.cfg 2016/06/04 v1.11 sample graphics configuration
)
Package graphics Info: Driver file: luatex.def on input line 99.

(/usr/local/texlive/2016/texmf-dist/tex/latex/graphics-def/luatex.def
File: luatex.def 2016/08/17 v0.01g Graphics/Color for luaTeX
\Gread@gobject=\count133
))
\Gin@req@height=\dimen160
\Gin@req@width=\dimen161
))
.................................................
. LaTeX info: "xparse/define-command"
. 
. Defining command \__fontspec_post_arg:w with sig. 'mmO{}' on line 356.
.................................................
.................................................
. LaTeX info: "xparse/define-command"
. 
. Defining command \fontspec with sig. 'om' on line 358.
.................................................
.................................................
. LaTeX info: "xparse/define-command"
. 
. Defining command \setmainfont with sig. 'om' on line 368.
.................................................
.................................................
. LaTeX info: "xparse/define-command"
. 
. Defining command \setsansfont with sig. 'om' on line 378.
.................................................
.................................................
. LaTeX info: "xparse/define-command"
. 
. Defining command \setmonofont with sig. 'om' on line 388.
.................................................
.................................................
. LaTeX info: "xparse/define-command"
. 
. Defining command \setmathrm with sig. 'om' on line 402.
.................................................
.................................................
. LaTeX info: "xparse/define-command"
. 
. Defining command \setboldmathrm with sig. 'om' on line 410.
.................................................
.................................................
. LaTeX info: "xparse/define-command"
. 
. Defining command \setmathsf with sig. 'om' on line 418.
.................................................
.................................................
. LaTeX info: "xparse/define-command"
. 
. Defining command \setmathtt with sig. 'om' on line 426.
.................................................
.................................................
. LaTeX info: "xparse/define-command"
. 
. Defining command \newfontfamily with sig. 'mom' on line 440.
.................................................
.................................................
. LaTeX info: "xparse/define-command"
. 
. Defining command \newfontface with sig. 'mom' on line 456.
.................................................
.................................................
. LaTeX info: "xparse/define-command"
. 
. Defining command \defaultfontfeatures with sig. 't+om' on line 470.
.................................................
.................................................
. LaTeX info: "xparse/define-command"
. 
. Defining command \addfontfeatures with sig. 'm' on line 533.
.................................................
.................................................
. LaTeX info: "xparse/define-command"
. 
. Defining command \newfontfeature with sig. 'mm' on line 544.
.................................................
.................................................
. LaTeX info: "xparse/define-command"
. 
. Defining command \newAATfeature with sig. 'mmmm' on line 552.
.................................................
.................................................
. LaTeX info: "xparse/define-command"
. 
. Defining command \newopentypefeature with sig. 'mmm' on line 560.
.................................................
.................................................
. LaTeX info: "xparse/define-command"
. 
. Defining command \aliasfontfeature with sig. 'mm' on line 581.
.................................................
.................................................
. LaTeX info: "xparse/define-command"
. 
. Defining command \aliasfontfeatureoption with sig. 'mmm' on line 590.
.................................................
.................................................
. LaTeX info: "xparse/define-command"
. 
. Defining command \newfontscript with sig. 'mm' on line 594.
.................................................
.................................................
. LaTeX info: "xparse/define-command"
. 
. Defining command \newfontlanguage with sig. 'mm' on line 598.
.................................................
.................................................
. LaTeX info: "xparse/define-command"
. 
. Defining command \DeclareFontsExtensions with sig. 'm' on line 603.
.................................................
\l__fontspec_tmp_int=\count134

(/usr/local/texlive/2016/texmf-dist/tex/latex/fontspec/fontspec.cfg)
LaTeX Info: Redefining \itshape on input line 2629.
LaTeX Info: Redefining \slshape on input line 2634.
LaTeX Info: Redefining \scshape on input line 2639.
LaTeX Info: Redefining \upshape on input line 2644.
\l__fontspec_em_int=\count135
\l__fontspec_emdef_int=\count136
LaTeX Info: Redefining \em on input line 2660.
LaTeX Info: Redefining \emph on input line 2666.
LaTeX Info: Redefining \- on input line 2670.
.................................................
. LaTeX info: "xparse/redefine-command"
. 
. Redefining command \oldstylenums with sig. 'm' on line 2765.
.................................................
.................................................
. LaTeX info: "xparse/define-command"
. 
. Defining command \liningnums with sig. 'm' on line 2769.
.................................................
))
(/usr/local/texlive/2016/texmf-dist/tex/luatex/luatexja/addons/luatexja-fontspe
c.sty
Package: luatexja-fontspec 2015/08/26 fontspec support of LuaTeX-ja

(/usr/local/texlive/2016/texmf-dist/tex/latex/l3packages/l3keys2e/l3keys2e.sty
Package: l3keys2e 2016/05/18 v6512 LaTeX2e option processing using LaTeX3 keys
)
(/usr/local/texlive/2016/texmf-dist/tex/luatex/luatexja/addons/luatexja-fontspe
c-24.sty
Package: luatexja-fontspec-24 2016/01/30 fontspec support of LuaTeX-ja
\g_ltj_fontspec_altnumber_int=\count137
.................................................
. LaTeX info: "xparse/define-command"
. 
. Defining command \jfontspec with sig. 'O{}mO{}' on line 278.
.................................................
.................................................
. LaTeX info: "xparse/define-command"
. 
. Defining command \setmainjfont with sig. 'O{}mO{}' on line 285.
.................................................
.................................................
. LaTeX info: "xparse/define-command"
. 
. Defining command \setsansjfont with sig. 'O{}mO{}' on line 291.
.................................................
.................................................
. LaTeX info: "xparse/define-command"
. 
. Defining command \newjfontfamily with sig. 'mO{}mO{}' on line 297.
.................................................
.................................................
. LaTeX info: "xparse/define-command"
. 
. Defining command \newjfontface with sig. 'mO{}mO{}' on line 301.
.................................................
.................................................
. LaTeX info: "xparse/define-command"
. 
. Defining command \defaultjfontfeatures with sig. 't+om' on line 311.
.................................................
.................................................
. LaTeX info: "xparse/define-command"
. 
. Defining command \addjfontfeatures with sig. 'm' on line 342.
.................................................
))
(/usr/local/texlive/2016/texmf-dist/tex/luatex/luatexja/addons/luatexja-preset.
sty
Package: luatexja-preset 2016/01/30 Japanese font presets

*************************************************
* luatexja-preset warning: "scale"
* 
* Japanese fonts will be scaled by 0.924713134765625.
*************************************************
*************************************************
* luatexja-fontspec warning: "addjfontfeatures-ignored"
* 
* \addjfontfeature(s) ignored;
* it cannot be used with a font that wasn't selected by luatexja-fontspec.
*************************************************
(compiling luc: /usr/local/texlive/2016/texmf-var/luatex-cache/generic/fonts/otl
/ヒラギノ明朝-pron-w3-1.luc)(load luc: /Users/sangenya/Library/texlive/
2016/texmf-var/luatex-cache/generic/fonts/otl/ヒラギノ明朝-pron-w3-1.lu
c)(load cache: /Users/sangenya/Library/texlive/2016/texmf-var/luatexja/extra_
ヒラギノ明朝 pron w3.luc)
\g__fontspec_family_HiraMinProN-W3_int=\count138
(compiling luc: /usr/local/texlive/2016/texmf-var/luatex-cache/generic/fonts/otl
/ヒラギノ角ゴシック-w6-3.luc)(load luc: /Users/sangenya/Library/t
exlive/2016/texmf-var/luatex-cache/generic/fonts/otl/ヒラギノ角ゴ
シック-w6-3.luc)(load cache: /Users/sangenya/Library/texlive/2016/texmf-var/l
uatexja/extra_ヒラギノ角ゴシック w6.luc)
.................................................
. fontspec info: "no-font-shape"
. 
. Could not resolve font HiraKakuProN-W6/I (it probably doesn't exist).
.................................................
.................................................
. fontspec info: "no-font-shape"
. 
. Could not resolve font HiraMinProN-W3/BI (it probably doesn't exist).
.................................................
.................................................
. fontspec info: "no-font-shape"
. 
. Could not resolve font HiraMinProN-W3/I (it probably doesn't exist).
.................................................
.................................................
. fontspec info: "defining-font"
. 
. Font family 'HiraMinProN-W3(0)' created for font 'HiraMinProN-W3' with
. options
. [YokoFeatures={JFM=ujis},TateFeatures={JFM=ujisv},Scale=0.924713134765625,Kern
ing=Off,BoldFont=HiraKakuProN-W6,YokoFeatures={JFM=ujis}].
. 
. This font family consists of the following NFSS series/shapes:
. 
.................................................
LaTeX Font Info:    Redeclaring symbol font `mincho' on input line 490.
LaTeX Font Info:    Overwriting symbol font `mincho' in version `normal'
(Font)                  JY3/mc/m/n --> JY3/HiraMinProN-W3(0)/m/n on input line 4
90.
LaTeX Font Info:    Overwriting symbol font `mincho' in version `bold'
(Font)                  JY3/gt/m/n --> JY3/HiraMinProN-W3(0)/m/n on input line 4
90.
LaTeX Font Info:    Overwriting symbol font `mincho' in version `bold'
(Font)                  JY3/HiraMinProN-W3(0)/m/n --> JY3/HiraMinProN-W3(0)/bx/n
 on input line 490.
LaTeX Font Info:    Font shape `JT3/HiraMinProN-W3(0)/m/n' will be
(Font)              scaled to size 9.24713pt on input line 490.
LaTeX Font Info:    Font shape `JY3/HiraMinProN-W3(0)/m/n' will be
(Font)              scaled to size 9.24713pt on input line 490.
\g__fontspec_family_HiraKakuProN-W6_int=\count139
.................................................
. fontspec info: "no-font-shape"
. 
. Could not resolve font HiraKakuProN-W6/I (it probably doesn't exist).
.................................................
.................................................
. fontspec info: "no-font-shape"
. 
. Could not resolve font HiraKakuProN-W6/BI (it probably doesn't exist).
.................................................
.................................................
. fontspec info: "no-font-shape"
. 
. Could not resolve font HiraKakuProN-W6/I (it probably doesn't exist).
.................................................
.................................................
. fontspec info: "defining-font"
. 
. Font family 'HiraKakuProN-W6(0)' created for font 'HiraKakuProN-W6' with
. options
. [YokoFeatures={JFM=ujis},TateFeatures={JFM=ujisv},Scale=0.924713134765625,Kern
ing=Off,BoldFont=HiraKakuProN-W6,YokoFeatures={JFM=ujis}].
. 
. This font family consists of the following NFSS series/shapes:
. 
.................................................
LaTeX Font Info:    Redeclaring math alphabet \mathgt on input line 491.
LaTeX Font Info:    Overwriting math alphabet `\mathgt' in version `normal'
(Font)                  JY3/gt/m/n --> JY3/HiraKakuProN-W6(0)/m/n on input line 
491.
LaTeX Font Info:    Overwriting math alphabet `\mathgt' in version `bold'
(Font)                  JY3/gt/m/n --> JY3/HiraKakuProN-W6(0)/m/n on input line 
491.
)
(/usr/local/texlive/2016/texmf-dist/tex/luatex/luatexja/addons/luatexja-ruby.st
y
Package: luatexja-ruby 2015/12/29 v0.23
\ltj@rubyattr=\attribute26
Lua module: luatexja.ruby 2015/09/18 Ruby annotation
Custom whatsit ruby_pre = 5
Custom whatsit ruby_post = 6
Inserting `ltj.ruby.pre' at position 5 in `pre_linebreak_filter'.
Inserting `ltj.ruby.pre' at position 6 in `hpack_filter'.
Inserting `ltj.ruby.post_break' at position 2 in `post_linebreak_filter'.
Inserting `ltj.ruby.post_hbox' at position 7 in `hpack_filter'.
Removing  `luatexja.beginpar.np_info' from `luatexja.jfmglue.whatsit_getinfo'.
Inserting `luatexja.ruby.np_info' at position 1 in `luatexja.jfmglue.whatsit_get
info'.
Inserting `luatexja.beginpar.np_info' at position 2 in `luatexja.jfmglue.whatsit
_getinfo'.
Removing  `luatexja.beginpar.np_info_after' from `luatexja.jfmglue.whatsit_after
'.
Inserting `luatexja.ruby.np_info_after' at position 1 in `luatexja.jfmglue.whats
it_after'.
Inserting `luatexja.beginpar.np_info_after' at position 2 in `luatexja.jfmglue.w
hatsit_after'.) (./first.aux)
\openout1 = first.aux

LaTeX Font Info:    Checking defaults for OML/cmm/m/it on input line 20.
LaTeX Font Info:    ... okay on input line 20.
LaTeX Font Info:    Checking defaults for T1/cmr/m/n on input line 20.
LaTeX Font Info:    ... okay on input line 20.
LaTeX Font Info:    Checking defaults for OT1/cmr/m/n on input line 20.
LaTeX Font Info:    ... okay on input line 20.
LaTeX Font Info:    Checking defaults for OMS/cmsy/m/n on input line 20.
LaTeX Font Info:    ... okay on input line 20.
LaTeX Font Info:    Checking defaults for OMX/cmex/m/n on input line 20.
LaTeX Font Info:    ... okay on input line 20.
LaTeX Font Info:    Checking defaults for U/cmr/m/n on input line 20.
LaTeX Font Info:    ... okay on input line 20.
LaTeX Font Info:    Checking defaults for JY3/mc/m/n on input line 20.
LaTeX Font Info:    ... okay on input line 20.
LaTeX Font Info:    Checking defaults for JT3/mc/m/n on input line 20.
LaTeX Font Info:    ... okay on input line 20.
LaTeX Font Info:    Checking defaults for EU2/lmr/m/n on input line 20.
LaTeX Font Info:    ... okay on input line 20.
LaTeX Font Info:    Checking defaults for T3/cmr/m/n on input line 20.
LaTeX Font Info:    Try loading font information for T3+cmr on input line 20.
 (/usr/local/texlive/2016/texmf-dist/tex/latex/tipa/t3cmr.fd
File: t3cmr.fd 2001/12/31 TIPA font definitions
)
LaTeX Font Info:    ... okay on input line 20.

(/usr/local/texlive/2016/texmf-dist/tex/luatex/luatexja/patches/lltjp-fontspec.
sty
Package: lltjp-fontspec 2016/03/31 Patch to fontspec for LuaTeX-ja
)
(/usr/local/texlive/2016/texmf-dist/tex/luatex/luatexja/patches/lltjp-xunicode.
sty
Package: lltjp-xunicode 2013/05/14 Patch to xunicode for LuaTeX-ja

UTFencname: EU2
(/usr/local/texlive/2016/texmf-dist/tex/xelatex/xunicode/xunicode.sty
File: xunicode.sty 2011/09/09 v0.981 provides access to latin accents and many o
ther characters in Unicode lower plane

*** Reloading Xunicode for encoding 'EU2' ***
))
\AtBeginShipoutBox=\box59
 ABD: EverySelectfont initializing macros
LaTeX Info: Redefining \selectfont on input line 20.

(/usr/local/texlive/2016/texmf-dist/tex/context/base/mkii/supp-pdf.mkii
[Loading MPS to PDF converter (version 2006.09.02).]
\scratchcounter=\count140
\scratchdimen=\dimen162
\scratchbox=\box60
\nofMPsegments=\count141
\nofMParguments=\count142
\everyMPshowfont=\toks26
\MPscratchCnt=\count143
\MPscratchDim=\dimen163
\MPnumerator=\count144
\makeMPintoPDFobject=\count145
\everyMPtoPDFconversion=\toks27
) (/usr/local/texlive/2016/texmf-dist/tex/latex/oberdiek/epstopdf-base.sty
Package: epstopdf-base 2016/05/15 v2.6 Base part for package epstopdf

(/usr/local/texlive/2016/texmf-dist/tex/latex/oberdiek/grfext.sty
Package: grfext 2016/05/16 v1.2 Manage graphics extensions (HO)

(/usr/local/texlive/2016/texmf-dist/tex/generic/oberdiek/kvdefinekeys.sty
Package: kvdefinekeys 2016/05/16 v1.4 Define keys (HO)
))
(/usr/local/texlive/2016/texmf-dist/tex/latex/oberdiek/kvoptions.sty
Package: kvoptions 2016/05/16 v3.12 Key value format for package options (HO)

(/usr/local/texlive/2016/texmf-dist/tex/generic/oberdiek/kvsetkeys.sty
Package: kvsetkeys 2016/05/16 v1.17 Key value parser (HO)

(/usr/local/texlive/2016/texmf-dist/tex/generic/oberdiek/etexcmds.sty
Package: etexcmds 2016/05/16 v1.6 Avoid name clashes with e-TeX commands (HO)
)))
Package epstopdf-base Info: Redefining graphics rule for `.eps' on input line 43
8.
Package grfext Info: Graphics extension search list:
(grfext)             [.png,.pdf,.jpg,.mps,.jpeg,.jbig2,.jb2,.PNG,.PDF,.JPG,.JPEG
,.JBIG2,.JB2,.eps]
(grfext)             \AppendGraphicsExtensions on input line 456.

(/usr/local/texlive/2016/texmf-dist/tex/latex/latexconfig/epstopdf-sys.cfg
File: epstopdf-sys.cfg 2010/07/13 v1.3 Configuration of (r)epstopdf for TeX Live

))
.................................................
. fontspec info: "setup-math"
. 
. Adjusting the maths setup (use [no-math] to avoid this).
.................................................
\symlegacymaths=\mathgroup5
LaTeX Font Info:    Overwriting symbol font `legacymaths' in version `bold'
(Font)                  OT1/cmr/m/n --> OT1/cmr/bx/n on input line 20.
LaTeX Font Info:    Redeclaring math accent \acute on input line 20.
LaTeX Font Info:    Redeclaring math accent \grave on input line 20.
LaTeX Font Info:    Redeclaring math accent \ddot on input line 20.
LaTeX Font Info:    Redeclaring math accent \tilde on input line 20.
LaTeX Font Info:    Redeclaring math accent \bar on input line 20.
LaTeX Font Info:    Redeclaring math accent \breve on input line 20.
LaTeX Font Info:    Redeclaring math accent \check on input line 20.
LaTeX Font Info:    Redeclaring math accent \hat on input line 20.
LaTeX Font Info:    Redeclaring math accent \dot on input line 20.
LaTeX Font Info:    Redeclaring math accent \mathring on input line 20.
LaTeX Font Info:    Redeclaringmathsymbol\colon on input line 20.
LaTeX Font Info:    Redeclaringmathsymbol\Gamma on input line 20.
LaTeX Font Info:    Redeclaringmathsymbol\Delta on input line 20.
LaTeX Font Info:    Redeclaringmathsymbol\Theta on input line 20.
LaTeX Font Info:    Redeclaringmathsymbol\Lambda on input line 20.
LaTeX Font Info:    Redeclaringmathsymbol\Xi on input line 20.
LaTeX Font Info:    Redeclaringmathsymbol\Pi on input line 20.
LaTeX Font Info:    Redeclaringmathsymbol\Sigma on input line 20.
LaTeX Font Info:    Redeclaringmathsymbol\Upsilon on input line 20.
LaTeX Font Info:    Redeclaringmathsymbol\Phi on input line 20.
LaTeX Font Info:    Redeclaringmathsymbol\Psi on input line 20.
LaTeX Font Info:    Redeclaringmathsymbol\Omega on input line 20.
LaTeX Font Info:    Redeclaringmathsymbol\mathdollar on input line 20.
LaTeX Font Info:    Redeclaring symbol font `operators' on input line 20.
LaTeX Font Info:    Encoding `OT1' has changed to `EU2' for symbol font
(Font)              `operators' in the math version `normal' on input line 20.
LaTeX Font Info:    Overwriting symbol font `operators' in version `normal'
(Font)                  OT1/cmr/m/n --> EU2/lmr/m/n on input line 20.
LaTeX Font Info:    Encoding `OT1' has changed to `EU2' for symbol font
(Font)              `operators' in the math version `bold' on input line 20.
LaTeX Font Info:    Overwriting symbol font `operators' in version `bold'
(Font)                  OT1/cmr/bx/n --> EU2/lmr/m/n on input line 20.
LaTeX Font Info:    Overwriting symbol font `operators' in version `normal'
(Font)                  EU2/lmr/m/n --> EU2/lmr/m/n on input line 20.
LaTeX Font Info:    Overwriting math alphabet `\mathit' in version `normal'
(Font)                  OT1/cmr/m/it --> EU2/lmr/m/it on input line 20.
LaTeX Font Info:    Overwriting math alphabet `\mathbf' in version `normal'
(Font)                  OT1/cmr/bx/n --> EU2/lmr/bx/n on input line 20.
LaTeX Font Info:    Overwriting math alphabet `\mathsf' in version `normal'
(Font)                  OT1/cmss/m/n --> EU2/lmss/m/n on input line 20.
LaTeX Font Info:    Overwriting math alphabet `\mathtt' in version `normal'
(Font)                  OT1/cmtt/m/n --> EU2/lmtt/m/n on input line 20.
LaTeX Font Info:    Overwriting symbol font `operators' in version `bold'
(Font)                  EU2/lmr/m/n --> EU2/lmr/bx/n on input line 20.
LaTeX Font Info:    Overwriting math alphabet `\mathit' in version `bold'
(Font)                  OT1/cmr/bx/it --> EU2/lmr/bx/it on input line 20.
LaTeX Font Info:    Overwriting math alphabet `\mathsf' in version `bold'
(Font)                  OT1/cmss/bx/n --> EU2/lmss/bx/n on input line 20.
LaTeX Font Info:    Overwriting math alphabet `\mathtt' in version `bold'
(Font)                  OT1/cmtt/m/n --> EU2/lmtt/bx/n on input line 20.
(compiling luc: /usr/local/texlive/2016/texmf-var/luatex-cache/generic/fonts/otl
/lmroman17-regular.luc)(load luc: /Users/sangenya/Library/texlive/2016/texmf-var
/luatex-cache/generic/fonts/otl/lmroman17-regular.luc)(load cache: /Users/sangen
ya/Library/texlive/2016/texmf-var/luatexja/extra_lmroman17-regular.luc)
LaTeX Font Info:    Font shape `JT3/HiraMinProN-W3(0)/m/n' will be
(Font)              scaled to size 15.97903pt on input line 21.
LaTeX Font Info:    Font shape `JY3/HiraMinProN-W3(0)/m/n' will be
(Font)              scaled to size 15.97903pt on input line 21.
(compiling luc: /usr/local/texlive/2016/texmf-var/luatex-cache/generic/fonts/otl
/lmroman12-regular.luc)(load luc: /Users/sangenya/Library/texlive/2016/texmf-var
/luatex-cache/generic/fonts/otl/lmroman12-regular.luc)(load cache: /Users/sangen
ya/Library/texlive/2016/texmf-var/luatexja/extra_lmroman12-regular.luc)
LaTeX Font Info:    Font shape `JT3/HiraMinProN-W3(0)/m/n' will be
(Font)              scaled to size 11.09656pt on input line 21.
LaTeX Font Info:    Font shape `JY3/HiraMinProN-W3(0)/m/n' will be
(Font)              scaled to size 11.09656pt on input line 21.
LaTeX Font Info:    Calculating math sizes for size <13.14001> on input line 21.

(compiling luc: /usr/local/texlive/2016/texmf-var/luatex-cache/generic/fonts/otl
/lmroman8-regular.luc)(load luc: /Users/sangenya/Library/texlive/2016/texmf-var/
luatex-cache/generic/fonts/otl/lmroman8-regular.luc)(load cache: /Users/sangenya
/Library/texlive/2016/texmf-var/luatexja/extra_lmroman8-regular.luc)(compiling l
uc: /usr/local/texlive/2016/texmf-var/luatex-cache/generic/fonts/otl/lmroman6-re
gular.luc)(load luc: /Users/sangenya/Library/texlive/2016/texmf-var/luatex-cache
/generic/fonts/otl/lmroman6-regular.luc)(load cache: /Users/sangenya/Library/tex
live/2016/texmf-var/luatexja/extra_lmroman6-regular.luc)
LaTeX Font Info:    Font shape `JY3/HiraMinProN-W3(0)/m/n' will be
(Font)              scaled to size 7.76755pt on input line 21.
LaTeX Font Info:    Font shape `JY3/HiraMinProN-W3(0)/m/n' will be
(Font)              scaled to size 5.54828pt on input line 21.
LaTeX Font Info:    Font shape `JT3/HiraMinProN-W3(0)/m/n' will be
(Font)              scaled to size 13.31584pt on input line 28.
LaTeX Font Info:    Font shape `JY3/HiraMinProN-W3(0)/m/n' will be
(Font)              scaled to size 13.31584pt on input line 28.
LaTeX Font Info:    Font shape `JT3/HiraKakuProN-W6(0)/m/n' will be
(Font)              scaled to size 13.31584pt on input line 28.
LaTeX Font Info:    Font shape `JY3/HiraKakuProN-W6(0)/m/n' will be
(Font)              scaled to size 13.31584pt on input line 28.
(compiling luc: /usr/local/texlive/2016/texmf-var/luatex-cache/generic/fonts/otl
/lmsans12-regular.luc)(load luc: /Users/sangenya/Library/texlive/2016/texmf-var/
luatex-cache/generic/fonts/otl/lmsans12-regular.luc)(load cache: /Users/sangenya
/Library/texlive/2016/texmf-var/luatexja/extra_lmsans12-regular.luc)
LaTeX Font Info:    Font shape `JT3/HiraKakuProN-W6(0)/m/n' will be
(Font)              scaled to size 11.09656pt on input line 29.
LaTeX Font Info:    Font shape `JY3/HiraKakuProN-W6(0)/m/n' will be
(Font)              scaled to size 11.09656pt on input line 29.
LaTeX Font Info:    Font shape `JT3/HiraKakuProN-W6(0)/m/n' will be
(Font)              scaled to size 9.24713pt on input line 31.
LaTeX Font Info:    Font shape `JY3/HiraKakuProN-W6(0)/m/n' will be
(Font)              scaled to size 9.24713pt on input line 31.
LaTeX Font Info:    Calculating math sizes for size <10.95001> on input line 39.

(compiling luc: /usr/local/texlive/2016/texmf-var/luatex-cache/generic/fonts/otl
/lmroman7-regular.luc)(load luc: /Users/sangenya/Library/texlive/2016/texmf-var/
luatex-cache/generic/fonts/otl/lmroman7-regular.luc)(load cache: /Users/sangenya
/Library/texlive/2016/texmf-var/luatexja/extra_lmroman7-regular.luc)(compiling l
uc: /usr/local/texlive/2016/texmf-var/luatex-cache/generic/fonts/otl/lmroman5-re
gular.luc)(load luc: /Users/sangenya/Library/texlive/2016/texmf-var/luatex-cache
/generic/fonts/otl/lmroman5-regular.luc)(load cache: /Users/sangenya/Library/tex
live/2016/texmf-var/luatexja/extra_lmroman5-regular.luc)
LaTeX Font Info:    Font shape `JY3/HiraMinProN-W3(0)/m/n' will be
(Font)              scaled to size 6.47295pt on input line 39.
LaTeX Font Info:    Font shape `JY3/HiraMinProN-W3(0)/m/n' will be
(Font)              scaled to size 4.62357pt on input line 39.
(compiling luc: /usr/local/texlive/2016/texmf-var/luatex-cache/generic/fonts/otl
/lmroman7-bold.luc)(load luc: /Users/sangenya/Library/texlive/2016/texmf-var/lua
tex-cache/generic/fonts/otl/lmroman7-bold.luc)(load cache: /Users/sangenya/Libra
ry/texlive/2016/texmf-var/luatexja/extra_lmroman7-bold.luc)(compiling luc: /usr/
local/texlive/2016/texmf-var/luatex-cache/generic/fonts/otl/lmroman5-bold.luc)(l
oad luc: /Users/sangenya/Library/texlive/2016/texmf-var/luatex-cache/generic/fon
ts/otl/lmroman5-bold.luc)(load cache: /Users/sangenya/Library/texlive/2016/texmf
-var/luatexja/extra_lmroman5-bold.luc)
LaTeX Font Info:    Font shape `JY3/HiraKakuProN-W6(0)/m/n' will be
(Font)              scaled to size 6.47295pt on input line 39.
LaTeX Font Info:    Font shape `JY3/HiraKakuProN-W6(0)/m/n' will be
(Font)              scaled to size 4.62357pt on input line 39.
LaTeX Font Info:    Font shape `JT3/HiraMinProN-W3(0)/bx/n' will be
(Font)              scaled to size 9.24713pt on input line 43.
LaTeX Font Info:    Font shape `JY3/HiraMinProN-W3(0)/bx/n' will be
(Font)              scaled to size 9.24713pt on input line 43.


LaTeX Warning: No positions in optional float specifier.
               Default added (so using `tbp') on input line 47.

LaTeX Font Info:    Font shape `JT3/HiraMinProN-W3(0)/m/n' will be
(Font)              scaled to size 8.32242pt on input line 60.
LaTeX Font Info:    Font shape `JY3/HiraMinProN-W3(0)/m/n' will be
(Font)              scaled to size 8.32242pt on input line 60.
[1

{/usr/local/texlive/2016/texmf-var/fonts/map/pdftex/updmap/pdftex.map}]
[2]

LaTeX Font Warning: Font shape `JT3/HiraMinProN-W3(0)/m/it' undefined
(Font)              using `JT3/HiraMinProN-W3(0)/m/n' instead on input line 91.


LaTeX Font Warning: Font shape `JY3/HiraMinProN-W3(0)/m/it' undefined
(Font)              using `JY3/HiraMinProN-W3(0)/m/n' instead on input line 91.

LaTeX Font Info:    Try loading font information for EU2+lmtt on input line 101.

(/usr/local/texlive/2016/texmf-dist/tex/latex/euenc/eu2lmtt.fd
File: eu2lmtt.fd 2009/10/30 v1.6 Font defs for Latin Modern
)(compiling luc: /usr/local/texlive/2016/texmf-var/luatex-cache/generic/fonts/ot
l/lmmono10-regular.luc)(load luc: /Users/sangenya/Library/texlive/2016/texmf-var
/luatex-cache/generic/fonts/otl/lmmono10-regular.luc)(load cache: /Users/sangeny
a/Library/texlive/2016/texmf-var/luatexja/extra_lmmono10-regular.luc)
<fig1.png, id=23, 702.625pt x 451.6875pt>
File: fig1.png Graphic file (type png)
 <use fig1.png>
Package luatex.def Info: fig1.png used on input line 120.
(luatex.def)             Requested size: 445.52753pt x 286.41862pt.

<fig2.png, id=24, 702.625pt x 451.6875pt>
File: fig2.png Graphic file (type png)
 <use fig2.png>
Package luatex.def Info: fig2.png used on input line 125.
(luatex.def)             Requested size: 445.52753pt x 286.41862pt.

<fig3.png, id=25, 702.625pt x 451.6875pt>
File: fig3.png Graphic file (type png)
 <use fig3.png>
Package luatex.def Info: fig3.png used on input line 130.
(luatex.def)             Requested size: 445.52753pt x 286.41862pt.

<fig4.png, id=26, 702.625pt x 451.6875pt>
File: fig4.png Graphic file (type png)
 <use fig4.png>
Package luatex.def Info: fig4.png used on input line 138.
(luatex.def)             Requested size: 445.52753pt x 286.41862pt.
 [3] [4<./fig1.png><./fig2.png>] <fig5.png, id=37, 702.625pt x 451.6875pt>
File: fig5.png Graphic file (type png)
 <use fig5.png>
Package luatex.def Info: fig5.png used on input line 143.
(luatex.def)             Requested size: 445.52753pt x 286.41862pt.

<fig6.png, id=38, 702.625pt x 451.6875pt>
File: fig6.png Graphic file (type png)
 <use fig6.png>
Package luatex.def Info: fig6.png used on input line 148.
(luatex.def)             Requested size: 445.52753pt x 286.41862pt.
 [5<./fig3.png>]
[6<./fig4.png><./fig5.png>] [7<./fig6.png>] (./first.aux)

LaTeX Font Warning: Some font shapes were not available, defaults substituted.

)

Here is how much of LuaTeX's memory you used:
 16762 strings out of 495118
 156258,383344 words of node,token memory allocated
 14864 words of node memory still in use:
   8 hlist, 1 vlist, 5 rule, 589 glue, 57 kern, 1 glyph, 4764 attribute, 44 glue
_spec, 235 attribute_list, 1 write, 11 user_defined nodes
   avail lists: 1:3,2:37365,3:361,4:214,5:35,6:1824,7:2161,8:1221,9:364,10:23,11
:30
 19780 multiletter control sequences out of 65536+600000
 94 fonts using 102257775 bytes
 62i,8n,85p,947b,332s stack positions out of 5000i,500n,10000p,200000b,100000s
</usr/local/texlive/2016/texmf-dist/fonts/opentype/public/lm/lmmono10-regular.ot
f></usr/local/texlive/2016/texmf-dist/fonts/opentype/public/lm/lmroman10-italic.
otf></usr/local/texlive/2016/texmf-dist/fonts/opentype/public/lm/lmroman9-regula
r.otf></usr/local/texlive/2016/texmf-dist/fonts/opentype/public/lm/lmroman10-bol
d.otf></usr/local/texlive/2016/texmf-dist/fonts/opentype/public/lm/lmsans10-regu
lar.otf></System/Library/Fonts/ヒラギノ角ゴシック W6.ttc></System
/Library/Fonts/ヒラギノ角ゴシック W6.ttc></usr/local/texlive/2016
/texmf-dist/fonts/opentype/public/lm/lmsans12-regular.otf></usr/local/texlive/20
16/texmf-dist/fonts/opentype/public/lm/lmroman10-regular.otf></usr/local/texlive
/2016/texmf-dist/fonts/opentype/public/lm/lmroman12-regular.otf></System/Library
/Fonts/ヒラギノ明朝 ProN W3.ttc></System/Library/Fonts/ヒラギ
ノ明朝 ProN W3.ttc></usr/local/texlive/2016/texmf-dist/fonts/type1/public/ams
fonts/cm/cmmi10.pfb></usr/local/texlive/2016/texmf-dist/fonts/type1/public/amsfo
nts/cm/cmmi6.pfb></usr/local/texlive/2016/texmf-dist/fonts/type1/public/amsfonts
/cm/cmr10.pfb></usr/local/texlive/2016/texmf-dist/fonts/type1/public/amsfonts/cm
/cmr6.pfb></usr/local/texlive/2016/texmf-dist/fonts/type1/public/amsfonts/cm/cms
y10.pfb></usr/local/texlive/2016/texmf-dist/fonts/type1/public/amsfonts/cm/cmsy6
.pfb>
Output written on first.pdf (7 pages, 287593 bytes).

PDF statistics: 132 PDF objects out of 1000 (max. 8388607)
 74 compressed objects within 1 object stream
 0 named destinations out of 1000 (max. 131072)
 1 words of extra memory for PDF output out of 10000 (max. 10000000)

