+ go run 1.go print.go forward.go
9.000
8.000
-4.000
+ go run 2.go print.go backward.go
2.000
-3.000
-2.000
+ go run 4.go print.go lu.go
L
1.000	0.000	0.000	
-1.000	1.000	0.000	
-2.000	3.000	1.000	
U
3.000	1.000	-3.000	
0.000	-2.000	-1.000	
0.000	0.000	2.000	
+ go run 5.go print.go solve.go lu.go forward.go backward.go
2.000
-3.000
-2.000
+ go run 6_1.go print.go 6.go solve.go lu.go forward.go backward.go
3.000
3.000
3.000
+ go run 6_2.go print.go 6.go solve.go lu.go forward.go backward.go
3.000
3.000
3.000
3.000
3.000
3.000
+ go run 8_1.go print.go 8.go inverse.go solve.go lu.go forward.go backward.go
I1
1.000	-0.000	0.000	
0.000	1.000	0.000	
0.000	0.000	1.000	
I2
1.000	0.000	0.000	
-0.000	1.000	0.000	
0.000	0.000	1.000	
+ go run 8_2.go print.go 8.go inverse.go solve.go lu.go forward.go backward.go
I1
1.000	-0.000	-0.000	-0.000	-0.000	0.000	
0.000	1.000	-0.000	-0.000	-0.000	0.000	
0.000	0.000	1.000	-0.000	-0.000	0.000	
0.000	0.000	0.000	1.000	-0.000	0.000	
0.000	0.000	0.000	0.000	1.000	0.000	
0.000	0.000	0.000	0.000	0.000	1.000	
I2
1.000	0.000	0.000	0.000	0.000	0.000	
-0.000	1.000	0.000	0.000	0.000	0.000	
-0.000	-0.000	1.000	0.000	0.000	0.000	
-0.000	-0.000	-0.000	1.000	0.000	0.000	
-0.000	-0.000	-0.000	-0.000	1.000	0.000	
0.000	0.000	0.000	0.000	0.000	1.000	
